0 info it worked if it ends with ok
1 verbose cli [ '/Users/dllo/.nvm/versions/node/v6.11.1/bin/node',
1 verbose cli   '/Users/dllo/.nvm/versions/node/v6.11.1/bin/npm',
1 verbose cli   'install',
1 verbose cli   'grunt',
1 verbose cli   '--save-dev' ]
2 info using npm@3.10.10
3 info using node@v6.11.1
4 silly loadCurrentTree Starting
5 silly install loadCurrentTree
6 silly install readLocalPackageData
7 silly fetchPackageMetaData grunt
8 silly fetchNamedPackageData grunt
9 silly mapToRegistry name grunt
10 silly mapToRegistry using default registry
11 silly mapToRegistry registry http://r.cnpmjs.org/
12 silly mapToRegistry data Result {
12 silly mapToRegistry   raw: 'grunt',
12 silly mapToRegistry   scope: null,
12 silly mapToRegistry   escapedName: 'grunt',
12 silly mapToRegistry   name: 'grunt',
12 silly mapToRegistry   rawSpec: '',
12 silly mapToRegistry   spec: 'latest',
12 silly mapToRegistry   type: 'tag' }
13 silly mapToRegistry uri http://r.cnpmjs.org/grunt
14 verbose request uri http://r.cnpmjs.org/grunt
15 verbose request no auth needed
16 info attempt registry request try #1 at 2:49:25 PM
17 verbose request id 7961bbb95e652f33
18 http request GET http://r.cnpmjs.org/grunt
19 http 200 http://r.cnpmjs.org/grunt
20 verbose headers { server: 'nginx/1.4.6 (Ubuntu)',
20 verbose headers   date: 'Mon, 07 Aug 2017 06:49:24 GMT',
20 verbose headers   'content-type': 'application/json; charset=utf-8',
20 verbose headers   'transfer-encoding': 'chunked',
20 verbose headers   connection: 'keep-alive',
20 verbose headers   'x-current-requests': '1',
20 verbose headers   'x-readtime': '92',
20 verbose headers   'strict-transport-security': 'max-age=15768000',
20 verbose headers   'content-encoding': 'gzip' }
21 silly get cb [ 200,
21 silly get   { server: 'nginx/1.4.6 (Ubuntu)',
21 silly get     date: 'Mon, 07 Aug 2017 06:49:24 GMT',
21 silly get     'content-type': 'application/json; charset=utf-8',
21 silly get     'transfer-encoding': 'chunked',
21 silly get     connection: 'keep-alive',
21 silly get     'x-current-requests': '1',
21 silly get     'x-readtime': '92',
21 silly get     'strict-transport-security': 'max-age=15768000',
21 silly get     'content-encoding': 'gzip' } ]
22 verbose get saving grunt to /Users/dllo/.npm/r.cnpmjs.org/grunt/.cache.json
23 verbose correctMkdir /Users/dllo/.npm correctMkdir not in flight; initializing
24 silly install normalizeTree
25 silly loadCurrentTree Finishing
26 silly loadIdealTree Starting
27 silly install loadIdealTree
28 silly cloneCurrentTree Starting
29 silly install cloneCurrentTreeToIdealTree
30 silly cloneCurrentTree Finishing
31 silly loadShrinkwrap Starting
32 silly install loadShrinkwrap
33 silly loadShrinkwrap Finishing
34 silly loadAllDepsIntoIdealTree Starting
35 silly install loadAllDepsIntoIdealTree
36 silly rollbackFailedOptional Starting
37 silly rollbackFailedOptional Finishing
38 silly runTopLevelLifecycles Finishing
39 silly install printInstalled
40 verbose stack Error: Refusing to install grunt as a dependency of itself
40 verbose stack     at checkSelf (/Users/dllo/.nvm/versions/node/v6.11.1/lib/node_modules/npm/lib/install/validate-args.js:53:14)
40 verbose stack     at Array.<anonymous> (/Users/dllo/.nvm/versions/node/v6.11.1/lib/node_modules/npm/node_modules/slide/lib/bind-actor.js:15:8)
40 verbose stack     at LOOP (/Users/dllo/.nvm/versions/node/v6.11.1/lib/node_modules/npm/node_modules/slide/lib/chain.js:15:14)
40 verbose stack     at chain (/Users/dllo/.nvm/versions/node/v6.11.1/lib/node_modules/npm/node_modules/slide/lib/chain.js:20:5)
40 verbose stack     at /Users/dllo/.nvm/versions/node/v6.11.1/lib/node_modules/npm/lib/install/validate-args.js:16:5
40 verbose stack     at /Users/dllo/.nvm/versions/node/v6.11.1/lib/node_modules/npm/node_modules/slide/lib/async-map.js:52:35
40 verbose stack     at Array.forEach (native)
40 verbose stack     at /Users/dllo/.nvm/versions/node/v6.11.1/lib/node_modules/npm/node_modules/slide/lib/async-map.js:52:11
40 verbose stack     at Array.forEach (native)
40 verbose stack     at asyncMap (/Users/dllo/.nvm/versions/node/v6.11.1/lib/node_modules/npm/node_modules/slide/lib/async-map.js:51:8)
41 verbose cwd /Users/dllo/NodeJs/06.Spider/02.mySQL补充/grunt
42 error Darwin 15.0.0
43 error argv "/Users/dllo/.nvm/versions/node/v6.11.1/bin/node" "/Users/dllo/.nvm/versions/node/v6.11.1/bin/npm" "install" "grunt" "--save-dev"
44 error node v6.11.1
45 error npm  v3.10.10
46 error code ENOSELF
47 error Refusing to install grunt as a dependency of itself
48 error If you need help, you may report this error at:
48 error     <https://github.com/npm/npm/issues>
49 verbose exit [ 1, true ]
